
---------------------------------------------------
[license]
code        = "CS010C 40156014344"
version     = 30800002
sn          = "471_3031_2_Astron_Gen_II_1_38/1"
date        = 2008.09.08;14:53:13,000 
comment     = "Core Station CS010"
expire      = 0000.00.00;00:00:00,000 
redundancy  = 0
ui          = 2
para        = 1
dde         = 5
event       = 1
ios         = 4000
ssi         = 0
api         = 80
excelreport = 5
       http = 0
 infoserver = 1000
  comcenter = 5
maintenance = 1
  scheduler = 1
     recipe = 1
distributed = 255
      uifix = 0
    parafix = 0
 pararemote = 0
    ctrlext = 1
     update = 0


---------------------------------------------------
[license]
code        = "CS016C 90069562160"
version     = 30800002
sn          = "471_3031_2_Astron_Gen_II_1_38/2"
date        = 2008.09.08;14:55:56,000 
comment     = "Core Station CS016"
expire      = 0000.00.00;00:00:00,000 
redundancy  = 0
ui          = 2
para        = 1
dde         = 5
event       = 1
ios         = 4000
ssi         = 0
api         = 80
excelreport = 5
       http = 0
 infoserver = 1000
  comcenter = 5
maintenance = 1
  scheduler = 1
     recipe = 1
distributed = 255
      uifix = 0
    parafix = 0
 pararemote = 0
    ctrlext = 1
     update = 0


---------------------------------------------------
[license]
code        = "CS001C 10257725890"
version     = 30800002
sn          = "471_3031_2_Astron_Gen_II_1_38/3"
date        = 2008.09.09;09:26:02,000 
comment     = "Core Station CS001"
expire      = 0000.00.00;00:00:00,000 
redundancy  = 0
ui          = 2
para        = 1
dde         = 5
event       = 1
ios         = 4000
ssi         = 0
api         = 80
excelreport = 5
       http = 0
 infoserver = 1000
  comcenter = 5
maintenance = 1
  scheduler = 1
     recipe = 1
distributed = 255
      uifix = 0
    parafix = 0
 pararemote = 0
    ctrlext = 1
     update = 0

