
---------------------------------------------------
[license]
code        = "RS305C 70099091807"
version     = 30800002
sn          = "471_3031_2_Astron_Gen_II_2_311/1"
date        = 2012.10.11;09:46:36,000 
comment     = "Remote Station RS305"
expire      = 0000.00.00;00:00:00,000 
redundancy  = 0
ui          = 2
para        = 1
dde         = 5
event       = 1
ios         = 4000
ssi         = 0
api         = 80
excelreport = 5
       http = 0
 infoserver = 1000
  comcenter = 5
maintenance = 1
  scheduler = 1
     recipe = 1
distributed = 255
      uifix = 0
    parafix = 0
 pararemote = 0
    ctrlext = 1
     update = 0


---------------------------------------------------
[license]
code        = "RS407C 20556792170"
version     = 30800002
sn          = "471_3031_2_Astron_Gen_II_2_311/5"
date        = 2012.11.29;16:53:51,000 
comment     = "Remote Station RS407"
expire      = 0000.00.00;00:00:00,000 
redundancy  = 0
ui          = 2
para        = 1
dde         = 5
event       = 1
ios         = 4000
ssi         = 0
api         = 80
excelreport = 5
http        = 0
infoserver  = 1000
comcenter   = 5
maintenance = 1
scheduler   = 1
recipe      = 1
distributed = 255
uifix       = 0
parafix     = 0
pararemote  = 0
ctrlext     = 1
update      = 0


---------------------------------------------------
[license]
code        = "RS407C 00474340129"
version     = 31100002
sn          = "471_3031_2_Astron_Gen_II_2_311/6"
date        = 2012.11.29;17:02:49,000 
comment     = "Remote Station RS407"
expire      = 0000.00.00;00:00:00,000 
redundancy  = 0
ui          = 2
para        = 1
dde         = 5
event       = 1
ios         = 4000
ssi         = 0
api         = 80
excelreport = 5
http        = 0
infoserver  = 1000
comcenter   = 5
maintenance = 1
scheduler   = 1
recipe      = 1
distributed = 255
uifix       = 0
parafix     = 0
pararemote  = 0
ctrlext     = 1
update      = 0


---------------------------------------------------
[license]
code        = "RS310C 30088435917"
version     = 31100002
sn          = "471_3031_2_Astron_Gen_II_2_311/7"
date        = 2012.12.20;11:26:55,000 
comment     = "Remote Station RS310"
expire      = 0000.00.00;00:00:00,000 
redundancy  = 0
ui          = 2
para        = 1
dde         = 5
event       = 1
ios         = 4000
ssi         = 0
api         = 80
excelreport = 5
http        = 0
infoserver  = 1000
comcenter   = 5
maintenance = 1
scheduler   = 1
recipe      = 1
distributed = 255
uifix       = 0
parafix     = 0
pararemote  = 0
ctrlext     = 1
update      = 0


---------------------------------------------------
[license]
code        = "RS409C 30459221039"
version     = 31100002
sn          = "471_3031_2_Astron_Gen_II_2_311/8"
date        = 2012.12.20;11:33:13,000 
comment     = "Remote Station RS409"
expire      = 0000.00.00;00:00:00,000 
redundancy  = 0
ui          = 2
para        = 1
dde         = 5
event       = 1
ios         = 4000
ssi         = 0
api         = 80
excelreport = 5
http        = 0
infoserver  = 1000
comcenter   = 5
maintenance = 1
scheduler   = 1
recipe      = 1
distributed = 255
uifix       = 0
parafix     = 0
pararemote  = 0
ctrlext     = 1
update      = 0


---------------------------------------------------
[license]
code        = "RS210C 40176869443"
version     = 31100002
sn          = "471_3031_2_Astron_Gen_II_2_311/9"
date        = 2013.06.27;09:00:02,000 
comment     = "Remote Station RS210"
expire      = 0000.00.00;00:00:00,000 
redundancy  = 0
ui          = 2
para        = 1
dde         = 5
event       = 1
ios         = 4000
ssi         = 0
api         = 80
excelreport = 5
http        = 0
infoserver  = 1000
comcenter   = 5
maintenance = 1
scheduler   = 1
recipe      = 1
distributed = 255
uifix       = 0
parafix     = 0
pararemote  = 0
ctrlext     = 1
update      = 0

