
---------------------------------------------------
[license]
code        = "CS010C 40156014344"
version     = 30800002
sn          = "471_3031_2_Astron_Gen_II_1_38/1"
date        = 2008.09.08;14:53:13,000 
comment     = "Core Station CS010"
expire      = 0000.00.00;00:00:00,000 
redundancy  = 0
ui          = 2
para        = 1
dde         = 5
event       = 1
ios         = 4000
ssi         = 0
api         = 80
excelreport = 5
       http = 0
 infoserver = 1000
  comcenter = 5
maintenance = 1
  scheduler = 1
     recipe = 1
distributed = 255
      uifix = 0
    parafix = 0
 pararemote = 0
    ctrlext = 1
     update = 0


---------------------------------------------------
[license]
code        = "CS016C 90069562160"
version     = 30800002
sn          = "471_3031_2_Astron_Gen_II_1_38/2"
date        = 2008.09.08;14:55:56,000 
comment     = "Core Station CS016"
expire      = 0000.00.00;00:00:00,000 
redundancy  = 0
ui          = 2
para        = 1
dde         = 5
event       = 1
ios         = 4000
ssi         = 0
api         = 80
excelreport = 5
       http = 0
 infoserver = 1000
  comcenter = 5
maintenance = 1
  scheduler = 1
     recipe = 1
distributed = 255
      uifix = 0
    parafix = 0
 pararemote = 0
    ctrlext = 1
     update = 0


---------------------------------------------------
[license]
code        = "CS001C 10257725890"
version     = 30800002
sn          = "471_3031_2_Astron_Gen_II_1_38/3"
date        = 2008.09.09;09:26:02,000 
comment     = "Core Station CS001"
expire      = 0000.00.00;00:00:00,000 
redundancy  = 0
ui          = 2
para        = 1
dde         = 5
event       = 1
ios         = 4000
ssi         = 0
api         = 80
excelreport = 5
       http = 0
 infoserver = 1000
  comcenter = 5
maintenance = 1
  scheduler = 1
     recipe = 1
distributed = 255
      uifix = 0
    parafix = 0
 pararemote = 0
    ctrlext = 1
     update = 0


---------------------------------------------------
[license]
code        = "CCU001 10558176559"
version     = 30800002
sn          = "471_3031_2_Astron_Gen_II_1_38/4"
date        = 2009.03.30;16:26:20,000 
comment     = "CEP CCU001"
expire      = 0000.00.00;00:00:00,000 
redundancy  = 0
ui          = 2
para        = 1
dde         = 5
event       = 1
ios         = 4000
ssi         = 0
api         = 80
excelreport = 5
       http = 0
 infoserver = 1000
  comcenter = 5
maintenance = 1
  scheduler = 1
     recipe = 1
distributed = 255
      uifix = 0
    parafix = 0
 pararemote = 0
    ctrlext = 1
     update = 0


---------------------------------------------------
[license]
code        = "CS302C 30388841157"
version     = 30800002
sn          = "471_3031_2_Astron_Gen_II_1_38/5"
date        = 2009.04.23;11:47:34,000 
comment     = "Core Station CS302"
expire      = 0000.00.00;00:00:00,000 
redundancy  = 0
ui          = 2
para        = 1
dde         = 5
event       = 1
ios         = 4000
ssi         = 0
api         = 80
excelreport = 5
       http = 0
 infoserver = 1000
  comcenter = 5
maintenance = 1
  scheduler = 1
     recipe = 1
distributed = 255
      uifix = 0
    parafix = 0
 pararemote = 0
    ctrlext = 1
     update = 0


---------------------------------------------------
[license]
code        = "RS503C 60337547034"
version     = 30800002
sn          = "471_3031_2_Astron_Gen_II_1_38/6"
date        = 2009.06.24;08:53:32,000 
comment     = "Remote Station RS503"
expire      = 0000.00.00;00:00:00,000 
redundancy  = 0
ui          = 2
para        = 1
dde         = 5
event       = 1
ios         = 4000
ssi         = 0
api         = 80
excelreport = 5
       http = 0
 infoserver = 1000
  comcenter = 5
maintenance = 1
  scheduler = 1
     recipe = 1
distributed = 255
      uifix = 0
    parafix = 0
 pararemote = 0
    ctrlext = 1
     update = 0


---------------------------------------------------
[license]
code        = "RS307C 00224921370"
version     = 30800002
sn          = "471_3031_2_Astron_Gen_II_1_38/7"
date        = 2009.06.24;09:28:10,000 
comment     = "Remote Station RS307"
expire      = 0000.00.00;00:00:00,000 
redundancy  = 0
ui          = 2
para        = 1
dde         = 5
event       = 1
ios         = 4000
ssi         = 0
api         = 80
excelreport = 5
       http = 0
 infoserver = 1000
  comcenter = 5
maintenance = 1
  scheduler = 1
     recipe = 1
distributed = 255
      uifix = 0
    parafix = 0
 pararemote = 0
    ctrlext = 1
     update = 0


---------------------------------------------------
[license]
code        = "RS106C 50573306010"
version     = 30800002
sn          = "471_3031_2_Astron_Gen_II_1_38/8"
date        = 2009.09.02;15:57:22,000 
comment     = "Remote Station RS106"
expire      = 0000.00.00;00:00:00,000 
redundancy  = 0
ui          = 2
para        = 1
dde         = 5
event       = 1
ios         = 4000
ssi         = 0
api         = 80
excelreport = 5
       http = 0
 infoserver = 1000
  comcenter = 5
maintenance = 1
  scheduler = 1
     recipe = 1
distributed = 255
      uifix = 0
    parafix = 0
 pararemote = 0
    ctrlext = 1
     update = 0


---------------------------------------------------
[license]
code        = "RS106C 20115024634"
version     = 30800002
sn          = "471_3031_2_Astron_Gen_II_1_38/9"
date        = 2009.09.02;16:10:50,000 
comment     = "Remote Station RS106"
expire      = 0000.00.00;00:00:00,000 
redundancy  = 0
ui          = 2
para        = 1
dde         = 5
event       = 1
ios         = 4000
ssi         = 0
api         = 80
excelreport = 5
       http = 0
 infoserver = 1000
  comcenter = 5
maintenance = 1
  scheduler = 1
     recipe = 1
distributed = 255
      uifix = 0
    parafix = 0
 pararemote = 0
    ctrlext = 1
     update = 0

